Environment at start of build:
ALLUSERSPROFILE = C:\ProgramData
APPDATA = C:\Users\Gabi\AppData\Roaming
CommonProgramFiles = C:\Program Files (x86)\Common Files
CommonProgramFiles(x86) = C:\Program Files (x86)\Common Files
CommonProgramW6432 = C:\Program Files\Common Files
COMPUTERNAME = HP-G6
ComSpec = C:\Windows\system32\cmd.exe
FP_NO_HOST_CHECK = NO
HOMEDRIVE = C:
HOMEPATH = \Users\Gabi
LOCALAPPDATA = C:\Users\Gabi\AppData\Local
LOGONSERVER = \\HP-G6
MSBuildLoadMicrosoftTargetsReadOnly = true
NUMBER_OF_PROCESSORS = 4
OS = Windows_NT
Path = C:\oraclexe\app\oracle\product\11.2.0\server\bin;C:\Program Files\MiKTeX 2.9\miktex\bin\x64\
PATHEXT = .COM;.EXE;.BAT;.CMD;.VBS;.VBE;.JS;.JSE;.WSF;.WSH;.MSC
PkgDefApplicationConfigFile = C:\Users\Gabi\AppData\Local\Microsoft\VisualStudio\15.0_e5fe0ae4\devenv.exe.config
PROCESSOR_ARCHITECTURE = x86
PROCESSOR_ARCHITEW6432 = AMD64
PROCESSOR_IDENTIFIER = AMD64 Family 21 Model 16 Stepping 1, AuthenticAMD
PROCESSOR_LEVEL = 21
PROCESSOR_REVISION = 1001
ProgramData = C:\ProgramData
ProgramFiles = C:\Program Files (x86)
ProgramFiles(x86) = C:\Program Files (x86)
ProgramW6432 = C:\Program Files
PSModulePath = C:\Windows\system32\WindowsPowerShell\v1.0\Modules\
PUBLIC = C:\Users\Public
SESSIONNAME = Console
SystemDrive = C:
SystemRoot = C:\Windows
TEMP = C:\Users\Gabi\AppData\Local\Temp
TMP = C:\Users\Gabi\AppData\Local\Temp
USERDOMAIN = HP-G6
USERDOMAIN_ROAMINGPROFILE = HP-G6
USERNAME = Gabi
USERPROFILE = C:\Users\Gabi
VBOX_MSI_INSTALL_PATH = C:\Program Files\Oracle\VirtualBox\
VisualStudioDir = C:\Users\Gabi\Documents\Visual Studio 2017
VisualStudioEdition = Microsoft Visual Studio Community 2017
VisualStudioVersion = 15.0
VSAPPIDDIR = C:\Program Files (x86)\Microsoft Visual Studio\2017\Community\Common7\IDE\
VSAPPIDNAME = devenv.exe
VSLANG = 1033
VSSKUEDITION = Community
windir = C:\Windows

  Source.cpp
c:\users\gabi\desktop\programare visual\jocciudat2\jocciudat2\source.cpp(15): warning C4244: 'argument': conversion from 'time_t' to 'unsigned int', possible loss of data
c:\users\gabi\desktop\programare visual\jocciudat2\jocciudat2\source.cpp(116): warning C4305: 'argument': truncation from 'double' to 'float'
c:\users\gabi\desktop\programare visual\jocciudat2\jocciudat2\source.cpp(116): warning C4244: 'argument': conversion from 'int' to 'float', possible loss of data
c:\users\gabi\desktop\programare visual\jocciudat2\jocciudat2\source.cpp(116): warning C4244: 'argument': conversion from 'double' to 'float', possible loss of data
c:\users\gabi\desktop\programare visual\jocciudat2\jocciudat2\source.cpp(200): warning C4244: '=': conversion from 'int' to 'float', possible loss of data
c:\users\gabi\desktop\programare visual\jocciudat2\jocciudat2\source.cpp(201): warning C4244: '=': conversion from 'int' to 'float', possible loss of data
c:\users\gabi\desktop\programare visual\jocciudat2\jocciudat2\source.cpp(208): warning C4305: 'argument': truncation from 'double' to 'float'
c:\users\gabi\desktop\programare visual\jocciudat2\jocciudat2\source.cpp(208): warning C4244: 'argument': conversion from 'int' to 'float', possible loss of data
c:\users\gabi\desktop\programare visual\jocciudat2\jocciudat2\source.cpp(208): warning C4244: 'argument': conversion from 'double' to 'float', possible loss of data
c:\users\gabi\desktop\programare visual\jocciudat2\jocciudat2\source.cpp(215): warning C4018: '<': signed/unsigned mismatch
  JocCiudat2.vcxproj -> C:\Users\Gabi\Desktop\Programare Visual\JocCiudat2\Debug\JocCiudat2.exe
  JocCiudat2.vcxproj -> C:\Users\Gabi\Desktop\Programare Visual\JocCiudat2\Debug\JocCiudat2.pdb (Partial PDB)

Project Performance Summary:
     6156 ms  C:\Users\Gabi\Desktop\Programare Visual\JocCiudat2\JocCiudat2\JocCiudat2.vcxproj   1 calls
               6156 ms  Build                                      1 calls

Target Performance Summary:
        0 ms  _CheckForInvalidConfigurationAndPlatform   1 calls
        0 ms  ComputeLinkSwitches                        1 calls
        0 ms  PreLinkEvent                               1 calls
        0 ms  DoLinkOutputFilesMatch                     1 calls
        0 ms  MakeDirsForLink                            1 calls
        0 ms  PrepareResourceNames                       1 calls
        0 ms  CreateCustomManifestResourceNames          1 calls
        0 ms  SplitResourcesByCulture                    1 calls
        0 ms  AssignTargetPaths                          1 calls
        0 ms  ComputeManifestInputsTargets               1 calls
        0 ms  ComputeLinkInputsFromProject               1 calls
        0 ms  ComputeCLGeneratedLinkInputs               1 calls
        0 ms  ComputeCLOutputs                           1 calls
        0 ms  ComputeManifestGeneratedLinkerInputs       1 calls
        0 ms  ComputeRCGeneratedLinkInputs               1 calls
        0 ms  ComputeRCOutputs                           1 calls
        0 ms  BeforeLink                                 1 calls
        0 ms  ComputeLegacyManifestEmbedding             1 calls
        0 ms  BuildLinkTraverse                          1 calls
        0 ms  BuildCompile                               1 calls
        0 ms  _BuildCompileAction                        1 calls
        0 ms  AfterBuildCompileEvent                     1 calls
        0 ms  ComputeLinkImportLibraryOutputsForClean    1 calls
        0 ms  AfterLink                                  1 calls
        0 ms  _Link                                      1 calls
        0 ms  _ALink                                     1 calls
        0 ms  AfterBuild                                 1 calls
        0 ms  BuildLink                                  1 calls
        0 ms  _BuildLinkAction                           1 calls
        0 ms  PostBuildEvent                             1 calls
        0 ms  PrepareForRun                              1 calls
        0 ms  CopyFilesToOutputDirectory                 1 calls
        0 ms  _CheckForCompileOutputs                    1 calls
        0 ms  _CopySourceItemsToOutputDirectory          1 calls
        0 ms  GetCopyToOutputDirectoryItems              1 calls
        0 ms  GetCopyToOutputDirectoryXamlAppDefs        1 calls
        0 ms  FinalizeBuildStatus                        1 calls
        0 ms  _Deploy                                    1 calls
        0 ms  CreateSatelliteAssemblies                  1 calls
        0 ms  _GenerateSatelliteAssemblyInputs           1 calls
        0 ms  _BscMake                                   1 calls
        0 ms  MakeDirsForBscMake                         1 calls
        0 ms  ComputeCLCompileGeneratedSbrFiles          1 calls
        0 ms  _XdcMake                                   1 calls
        0 ms  MakeDirsForXdcMake                         1 calls
        0 ms  ResolvedXDCMake                            1 calls
        0 ms  RegisterOutput                             1 calls
        0 ms  _Manifest                                  1 calls
        0 ms  _Appverifier                               1 calls
        0 ms  AfterResourceCompile                       1 calls
        0 ms  _ResourceCompile                           1 calls
        0 ms  BeforeResourceCompile                      1 calls
        0 ms  BuildGenerateSourcesTraverse               1 calls
        0 ms  InitializeBuildStatus                      1 calls
        0 ms  ResolveReferences                          1 calls
        0 ms  AfterResolveReferences                     1 calls
        0 ms  ResolveAssemblyReferences                  1 calls
        0 ms  ExpandSDKReferences                        1 calls
        0 ms  ResolveSDKReferences                       1 calls
        0 ms  GetInstalledSDKLocations                   1 calls
        0 ms  Desktop_PlatformPrepareForBuild            1 calls
        0 ms  PlatformPrepareForBuild                    1 calls
        0 ms  GetResolvedWinMD                           1 calls
        0 ms  GetReferenceAssemblyPaths                  1 calls
        0 ms  GetFrameworkPaths                          1 calls
        0 ms  ResolveProjectReferences                   1 calls
        0 ms  PrepareProjectReferences                   1 calls
        0 ms  _GetProjectReferenceTargetFrameworkProperties   1 calls
        0 ms  _SplitProjectReferencesByFileExistence     1 calls
        0 ms  AssignProjectConfiguration                 1 calls
        0 ms  BeforeResolveReferences                    1 calls
        0 ms  _PrepareForReferenceResolution             1 calls
        0 ms  _PrepareForBuild                           1 calls
        0 ms  MakeDirsForResourceCompile                 1 calls
        0 ms  PreBuildEvent                              1 calls
        0 ms  BeforeBuildGenerateSources                 1 calls
        0 ms  _Xsd                                       1 calls
        0 ms  _ClCompile                                 1 calls
        0 ms  AfterClCompile                             1 calls
        0 ms  SelectClCompile                            1 calls
        0 ms  SelectCustomBuild                          1 calls
        0 ms  _SelectedFiles                             1 calls
        0 ms  MakeDirsForCl                              1 calls
        0 ms  FixupCLCompileOptions                      1 calls
        0 ms  ComputeReferenceCLInput                    1 calls
        0 ms  BeforeClCompile                            1 calls
        0 ms  ComputeCLInputPDBName                      1 calls
        0 ms  Build                                      1 calls
        0 ms  MakeDirsForMidl                            1 calls
        0 ms  BuildGenerateSources                       1 calls
        0 ms  ComputeMIDLGeneratedCompileInputs          1 calls
        0 ms  AfterMidl                                  1 calls
        0 ms  _Midl                                      1 calls
        0 ms  _BuildGenerateSourcesAction                1 calls
        0 ms  AfterBuildGenerateSources                  1 calls
        0 ms  BuildCompileTraverse                       1 calls
        0 ms  AfterBuildGenerateSourcesEvent             1 calls
       16 ms  PrepareForBuild                            1 calls
       16 ms  WarnCompileDuplicatedFilename              1 calls
       16 ms  ComputeCLCompileGeneratedXDCFiles          1 calls
       16 ms  SetBuildDefaultEnvironmentVariables        1 calls
       16 ms  ComputeCustomBuildOutput                   1 calls
       16 ms  SetCABuildNativeEnvironmentVariables       1 calls
     1172 ms  Link                                       1 calls
     4891 ms  ClCompile                                  1 calls
